<?xml version="1.0" encoding="UTF-8"?>
<!-- Generated by org.testng.reporters.JUnitReportReporter -->
<testsuite hostname="hp" name="testNGParameters.ActiTimeLogin1" tests="1" failures="0" timestamp="6 Sep 2019 11:48:37 GMT" time="116.643" errors="0">
  <testcase name="testLoginP" time="116.643" classname="testNGParameters.ActiTimeLogin1"/>
</testsuite> <!-- testNGParameters.ActiTimeLogin1 -->
