<?xml version="1.0" encoding="UTF-8"?>
<!-- Generated by org.testng.reporters.JUnitReportReporter -->
<testsuite hostname="hp" name="testNGParameters.ActitimeLogin" tests="1" failures="0" timestamp="6 Sep 2019 11:38:13 GMT" time="141.215" errors="0">
  <testcase name="testLoginP" time="141.215" classname="testNGParameters.ActitimeLogin"/>
</testsuite> <!-- testNGParameters.ActitimeLogin -->
