<?xml version="1.0" encoding="UTF-8"?>
<!-- Generated by org.testng.reporters.JUnitReportReporter -->
<testsuite hostname="hp" name="testNG.DemoB" tests="1" failures="0" timestamp="4 Sep 2019 07:51:16 GMT" time="0.064" errors="0">
  <testcase name="testB" time="0.064" classname="testNG.DemoB"/>
</testsuite> <!-- testNG.DemoB -->
