<?xml version="1.0" encoding="UTF-8"?>
<!-- Generated by org.testng.reporters.JUnitReportReporter -->
<testsuite hostname="hp" name="testNG.DemoC" tests="1" failures="0" timestamp="4 Sep 2019 07:51:15 GMT" time="0.061" errors="0">
  <testcase name="testC" time="0.061" classname="testNG.DemoC"/>
</testsuite> <!-- testNG.DemoC -->
