<?xml version="1.0" encoding="UTF-8"?>
<!-- Generated by org.testng.reporters.JUnitReportReporter -->
<testsuite hostname="hp" name="testNG.B" tests="1" failures="0" timestamp="28 Aug 2019 11:57:46 GMT" time="0.069" errors="0">
  <testcase name="test2" time="0.069" classname="testNG.B"/>
</testsuite> <!-- testNG.B -->
