<?xml version="1.0" encoding="UTF-8"?>
<!-- Generated by org.testng.reporters.JUnitReportReporter -->
<testsuite hostname="hp" name="testNG.Examp3" tests="7" failures="0" timestamp="8 Sep 2019 08:09:16 GMT" time="0.517" errors="0">
  <testcase name="login" time="0.060" classname="testNG.Examp3"/>
  <testcase name="verify" time="0.116" classname="testNG.Examp3"/>
  <testcase name="home" time="0.092" classname="testNG.Examp3"/>
  <testcase name="search" time="0.031" classname="testNG.Examp3"/>
  <testcase name="test2" time="0.078" classname="testNG.Examp3"/>
  <testcase name="test3" time="0.057" classname="testNG.Examp3"/>
  <testcase name="test" time="0.083" classname="testNG.Examp3"/>
</testsuite> <!-- testNG.Examp3 -->
