<?xml version="1.0" encoding="UTF-8"?>
<!-- Generated by org.testng.reporters.JUnitReportReporter -->
<testsuite hostname="hp" name="miniProject.TestEnterTimeTrackPage$TestValidEnterTimeTrack" tests="1" failures="0" timestamp="5 Sep 2019 05:52:40 GMT" time="193.526" errors="0">
  <testcase name="testEnetrTimeTrack" time="193.526" classname="miniProject.TestEnterTimeTrackPage$TestValidEnterTimeTrack"/>
</testsuite> <!-- miniProject.TestEnterTimeTrackPage$TestValidEnterTimeTrack -->
