<?xml version="1.0" encoding="UTF-8"?>
<!-- Generated by org.testng.reporters.JUnitReportReporter -->
<testsuite hostname="hp" name="testNG.Examp1" tests="3" failures="0" timestamp="9 Sep 2019 07:59:35 GMT" time="0.334" errors="0">
  <testcase name="test1" time="0.073" classname="testNG.Examp1"/>
  <testcase name="test1" time="0.097" classname="testNG.Examp1"/>
  <testcase name="test2" time="0.164" classname="testNG.Examp1"/>
</testsuite> <!-- testNG.Examp1 -->
