<?xml version="1.0" encoding="UTF-8"?>
<!-- Generated by org.testng.reporters.JUnitReportReporter -->
<testsuite hostname="hp" name="testNG.Demo" tests="4" failures="0" timestamp="4 Sep 2019 07:51:16 GMT" time="0.142" errors="0">
  <testcase name="create_user" time="0.038" classname="testNG.Demo"/>
  <testcase name="create_user" time="0.069" classname="testNG.Demo"/>
  <testcase name="edit_user" time="0.016" classname="testNG.Demo"/>
  <testcase name="delete_user" time="0.019" classname="testNG.Demo"/>
</testsuite> <!-- testNG.Demo -->
