<?xml version="1.0" encoding="UTF-8"?>
<!-- Generated by org.testng.reporters.JUnitReportReporter -->
<testsuite hostname="hp" name="dataProvider.DataProviderBasedonOrder" tests="1" failures="0" timestamp="6 Sep 2019 18:00:02 GMT" time="57.620" errors="0">
  <testcase name="testLogin" time="57.620" classname="dataProvider.DataProviderBasedonOrder"/>
</testsuite> <!-- dataProvider.DataProviderBasedonOrder -->
