<?xml version="1.0" encoding="UTF-8"?>
<!-- Generated by org.testng.reporters.JUnitReportReporter -->
<testsuite hostname="hp" name="testNGParameters.ParameterSuiteLevel" tests="1" failures="0" timestamp="6 Sep 2019 09:51:09 GMT" time="0.049" errors="0">
  <testcase name="testLogin" time="0.049" classname="testNGParameters.ParameterSuiteLevel"/>
</testsuite> <!-- testNGParameters.ParameterSuiteLevel -->
