<?xml version="1.0" encoding="UTF-8"?>
<!-- Generated by org.testng.reporters.JUnitReportReporter -->
<testsuite hostname="hp" name="aa.Multiplesof_5" tests="1" failures="0" timestamp="14 Sep 2019 16:39:12 GMT" time="6.626" errors="0">
  <testcase name="mul_5" time="6.626" classname="aa.Multiplesof_5"/>
</testsuite> <!-- aa.Multiplesof_5 -->
