<?xml version="1.0" encoding="UTF-8"?>
<!-- Generated by org.testng.reporters.JUnitReportReporter -->
<testsuite hostname="hp" name="pois.ExcellWrite" tests="1" failures="0" timestamp="14 Sep 2019 12:02:03 GMT" time="12.645" errors="0">
  <testcase name="test" time="12.645" classname="pois.ExcellWrite"/>
</testsuite> <!-- pois.ExcellWrite -->
