<?xml version="1.0" encoding="UTF-8"?>
<!-- Generated by org.testng.reporters.JUnitReportReporter -->
<testsuite hostname="hp" name="miniProject.TestInvalidLoginPage" tests="1" failures="0" timestamp="5 Sep 2019 05:52:39 GMT" time="99.835" errors="0">
  <testcase name="invalidTest" time="99.835" classname="miniProject.TestInvalidLoginPage"/>
</testsuite> <!-- miniProject.TestInvalidLoginPage -->
