<?xml version="1.0" encoding="UTF-8"?>
<!-- Generated by org.testng.reporters.JUnitReportReporter -->
<testsuite hostname="hp" name="testNG.A" tests="3" failures="0" timestamp="4 Sep 2019 07:51:15 GMT" time="0.172" errors="0">
  <testcase name="test_C" time="0.007" classname="testNG.A"/>
  <testcase name="test_A" time="0.107" classname="testNG.A"/>
  <testcase name="test_B" time="0.058" classname="testNG.A"/>
</testsuite> <!-- testNG.A -->
