<?xml version="1.0" encoding="UTF-8"?>
<!-- Generated by org.testng.reporters.JUnitReportReporter -->
<testsuite hostname="hp" name="testNGParameters.ParameterTestLevel" tests="1" failures="0" timestamp="6 Sep 2019 09:38:21 GMT" time="0.066" errors="0">
  <testcase name="testLogin" time="0.066" classname="testNGParameters.ParameterTestLevel"/>
</testsuite> <!-- testNGParameters.ParameterTestLevel -->
