<?xml version="1.0" encoding="UTF-8"?>
<!-- Generated by org.testng.reporters.JUnitReportReporter -->
<testsuite hostname="hp" name="miniProject.TestValidLoginPage" tests="1" failures="0" timestamp="5 Sep 2019 05:52:38 GMT" time="64.183" errors="0">
  <testcase name="validTest" time="64.183" classname="miniProject.TestValidLoginPage"/>
</testsuite> <!-- miniProject.TestValidLoginPage -->
