<?xml version="1.0" encoding="UTF-8"?>
<!-- Generated by org.testng.reporters.JUnitReportReporter -->
<testsuite hostname="hp" name="dataProvider.Dataprovider" tests="4" failures="0" timestamp="6 Sep 2019 16:08:38 GMT" time="0.178" errors="0">
  <testcase name="testLogin" time="0.057" classname="dataProvider.Dataprovider"/>
  <testcase name="testLogin" time="0.066" classname="dataProvider.Dataprovider"/>
  <testcase name="testLogin" time="0.021" classname="dataProvider.Dataprovider"/>
  <testcase name="testLogin" time="0.034" classname="dataProvider.Dataprovider"/>
</testsuite> <!-- dataProvider.Dataprovider -->
