<?xml version="1.0" encoding="UTF-8"?>
<!-- Generated by org.testng.reporters.JUnitReportReporter -->
<testsuite hostname="hp" name="grid.TestBrowser1" tests="2" failures="0" timestamp="10 Sep 2019 10:24:07 GMT" time="81.453" errors="0">
  <testcase name="testBrowser" time="42.258" classname="grid.TestBrowser1"/>
  <testcase name="testBrowser" time="39.195" classname="grid.TestBrowser1"/>
</testsuite> <!-- grid.TestBrowser1 -->
