<?xml version="1.0" encoding="UTF-8"?>
<!-- Generated by org.testng.reporters.JUnitReportReporter -->
<testsuite hostname="hp" name="grid.SoftAssert" tests="1" failures="0" timestamp="10 Sep 2019 16:18:25 GMT" time="0.107" errors="0">
  <testcase name="testA" time="0.107" classname="grid.SoftAssert"/>
</testsuite> <!-- grid.SoftAssert -->
