<?xml version="1.0" encoding="UTF-8"?>
<!-- Generated by org.testng.reporters.JUnitReportReporter -->
<testsuite hostname="hp" name="grid.SoftAssert_1" tests="1" failures="0" timestamp="11 Sep 2019 06:38:15 GMT" time="0.158" errors="0">
  <testcase name="testA" time="0.158" classname="grid.SoftAssert_1"/>
</testsuite> <!-- grid.SoftAssert_1 -->
