<?xml version="1.0" encoding="UTF-8"?>
<!-- Generated by org.testng.reporters.JUnitReportReporter -->
<testsuite hostname="hp" name="grid.TestBrowser" tests="1" failures="0" timestamp="10 Sep 2019 10:06:45 GMT" time="29.897" errors="0">
  <testcase name="testBrowser" time="29.897" classname="grid.TestBrowser"/>
</testsuite> <!-- grid.TestBrowser -->
